<?xml version="1.0" encoding="utf-8"?>
<TestRun id="084bcc53-d354-47a9-9ba3-5015e7308da3" name="@fedora 2026-06-06 11:08:17" xmlns="http://microsoft.com/schemas/VisualStudio/TeamTest/2010">
  <Times creation="2026-06-06T11:08:17.2637877+02:00" queuing="2026-06-06T11:08:17.2637878+02:00" start="2026-06-06T11:00:46.8383800+02:00" finish="2026-06-06T11:08:17.2646943+02:00" />
  <TestSettings name="default" id="0b10cf29-7cbe-4c89-8cd0-679eb00b42b3">
    <Deployment runDeploymentRoot="_fedora_2026-06-06_11_08_17" />
  </TestSettings>
  <TestLists>
    <TestList name="Results Not in a List" id="8c84fa94-04c1-424b-9868-57a2d4851a1d" />
    <TestList name="All Loaded Results" id="19431567-8539-422a-85d7-44ee4e166bda" />
  </TestLists>
  <ResultSummary outcome="Failed">
    <Counters total="0" executed="0" passed="0" failed="0" error="0" timeout="0" aborted="0" inconclusive="0" passedButRunAborted="0" notRunnable="0" notExecuted="0" disconnected="0" warning="0" completed="0" inProgress="0" pending="0" />
    <Output>
      <StdOut>Waiting for debugger attach...
Process Id: 8378, Name: dotnet
</StdOut>
    </Output>
    <RunInfos>
      <RunInfo computerName="fedora" outcome="Error" timestamp="2026-06-06T11:08:17.0382766+02:00">
        <Text>vstest.console process failed to connect to testhost process after 450 seconds. This may occur due to machine slowness, please set environment variable VSTEST_CONNECTION_TIMEOUT to increase timeout.</Text>
      </RunInfo>
    </RunInfos>
  </ResultSummary>
</TestRun>